#
# A fatal error has been detected by the Java Runtime Environment:
#
#  SIGSEGV (0xb) at pc=0x000000010ca6ff94, pid=2554, tid=5891
#
# JRE version: Java(TM) SE Runtime Environment (11.0.6+8) (build 11.0.6+8-LTS)
# Java VM: Java HotSpot(TM) 64-Bit Server VM (11.0.6+8-LTS, mixed mode, tiered, compressed oops, g1 gc, bsd-amd64)
# Problematic frame:
# V  [libjvm.dylib+0x70af94]  EnableIf<HasDecorator<1097844ull, MO_UNORDERED>::value, oopDesc*>::type RawAccessBarrier<1097844ull>::load_internal<1097844ull, oopDesc*>(void*)+0x4
#
# No core dump will be written. Core dumps have been disabled. To enable core dumping, try "ulimit -c unlimited" before starting Java again
#
# If you would like to submit a bug report, please visit:
#   http://bugreport.java.com/bugreport/crash.jsp
#

---------------  S U M M A R Y ------------

Command Line: -Dfile.encoding=UTF-8 org.apache.catalina.startup.Tomcat$1

Host: MacBookPro14,1 x86_64 2300 MHz, 4 cores, 8G, Darwin 19.3.0
Time: Mon Apr 27 19:12:58 2020 +07 elapsed time: 0 seconds (0d 0h 0m 0s)

---------------  T H R E A D  ---------------

Current thread (0x00007ffa32800000):  JavaThread "main" [_thread_in_vm, id=5891, stack(0x000070000eaae000,0x000070000ebae000)]

Stack: [0x000070000eaae000,0x000070000ebae000],  sp=0x000070000ebaddd0,  free space=1023k
Native frames: (J=compiled Java code, A=aot compiled Java code, j=interpreted, Vv=VM code, C=native code)
V  [libjvm.dylib+0x70af94]  EnableIf<HasDecorator<1097844ull, MO_UNORDERED>::value, oopDesc*>::type RawAccessBarrier<1097844ull>::load_internal<1097844ull, oopDesc*>(void*)+0x4
V  [libjvm.dylib+0x70af59]  oopDesc* RawAccessBarrier<1097844ull>::oop_load<oopDesc*>(void*)+0x9
V  [libjvm.dylib+0x70afcb]  oopDesc* G1BarrierSet::AccessBarrier<1097844ull, G1BarrierSet>::oop_load_not_in_heap<oopDesc*>(oopDesc**)+0xb
V  [libjvm.dylib+0x3e6f3d]  jni_GetStringUTFChars+0xe3
C  [java+0x6fa5]  PostJVMInit+0xad
C  [java+0x4907]  JavaMain+0xa4f
C  [libsystem_pthread.dylib+0x5e65]  _pthread_start+0x94
C  [libsystem_pthread.dylib+0x183b]  thread_start+0xf


siginfo: si_signo: 11 (SIGSEGV), si_code: 1 (SEGV_MAPERR), si_addr: 0x0000000000000000

Register to memory mapping:

RAX=0x0 is NULL
RBX=0x0 is NULL
RCX=0x000000010cc6cc01: _ZN16LogTagSetMappingILN6LogTag4typeE53ELS1_30ELS1_0ELS1_0ELS1_0ELS1_0EE7_tagsetE+0x39 in /Library/Java/JavaVirtualMachines/jdk-11.0.6.jdk/Contents/Home/lib/server/libjvm.dylib at 0x000000010c365000
RDX=0x0 is NULL
RSP=0x000070000ebaddd0 is pointing into the stack for thread: 0x00007ffa32800000
RBP=0x000070000ebaddd0 is pointing into the stack for thread: 0x00007ffa32800000
RSI=0x0 is NULL
RDI=0x0 is NULL
R8 ={method} {0x0000000112fe8640} 'getCanonicalName' '()Ljava/lang/String;' in 'java/lang/Class'
R9 =0x00007ffa30d234d0 points into unknown readable memory: 40 86 fe 12 01 00 00 00
R10=0x000000010ccc80e0: _ZN19TemplateInterpreter13_active_tableE+0x4800 in /Library/Java/JavaVirtualMachines/jdk-11.0.6.jdk/Contents/Home/lib/server/libjvm.dylib at 0x000000010c365000
R11=0x0000000112fe0f00 is pointing into metadata
R12=0x00007ffa32800340 points into unknown readable memory: c0 cc c6 0c 01 00 00 00
R13=0x0 is NULL
R14=0x00007ffa32800000 is a thread
R15=0x0 is NULL


Registers:
RAX=0x0000000000000000, RBX=0x0000000000000000, RCX=0x000000010cc6cc01, RDX=0x0000000000000000
RSP=0x000070000ebaddd0, RBP=0x000070000ebaddd0, RSI=0x0000000000000000, RDI=0x0000000000000000
R8 =0x0000000112fe8640, R9 =0x00007ffa30d234d0, R10=0x000000010ccc80e0, R11=0x0000000112fe0f00
R12=0x00007ffa32800340, R13=0x0000000000000000, R14=0x00007ffa32800000, R15=0x0000000000000000
RIP=0x000000010ca6ff94, EFLAGS=0x0000000000010246, ERR=0x0000000000000004
  TRAPNO=0x000000000000000e

Top of Stack: (sp=0x000070000ebaddd0)
0x000070000ebaddd0:   000070000ebadde0 000000010ca6ff59
0x000070000ebadde0:   000070000ebade00 000000010ca6ffcb
0x000070000ebaddf0:   0000000000000000 0000000000000000
0x000070000ebade00:   000070000ebade90 000000010c74bf3d
0x000070000ebade10:   000000010ccbd301 00007ffa32800000
0x000070000ebade20:   000070000ebade40 000000010ca6d36e
0x000070000ebade30:   000000010ccbd301 00007ffa32800000
0x000070000ebade40:   0000000000000000 000000010ca6d304
0x000070000ebade50:   0000000000000000 00007ffa32800000
0x000070000ebade60:   000070000ebade90 00007ffa32800340
0x000070000ebade70:   00007ffa30d013a0 0000000000000000
0x000070000ebade80:   0000000000000000 00007ffa30d013a8
0x000070000ebade90:   000070000ebadf20 000000010a80efa5
0x000070000ebadea0:   000000010ccbd301 00007ffa32800000
0x000070000ebadeb0:   000070000ebaded0 000000010ca6d36e
0x000070000ebadec0:   000000010ccbd301 00007ffa32800000
0x000070000ebaded0:   000070000ebadef0 000000010ca6d304
0x000070000ebadee0:   00007ffa30d00310 0000000000000000
0x000070000ebadef0:   000070000ebadf20 a9fb882a82ba0042
0x000070000ebadf00:   00007ffa32800340 00007ffa30d013a0
0x000070000ebadf10:   00007ffa30d013b8 00007ffa30d013a8
0x000070000ebadf20:   000070000ebadfb0 000000010a80c907
0x000070000ebadf30:   0000000000000000 00000171bb9093a0
0x000070000ebadf40:   0000000400010002 00007ffa30e02460
0x000070000ebadf50:   0000000000000000 0000000000000000
0x000070000ebadf60:   00007ffa30c0a6d8 0000000000000001
0x000070000ebadf70:   00007ffa30c0a680 00007ffa32800340
0x000070000ebadf80:   000000010cc6ccb8 000070000ebae000
0x000070000ebadf90:   0000000000000000 0000000000000000
0x000070000ebadfa0:   0000000000000000 0000000000000000
0x000070000ebadfb0:   000070000ebadfd0 00007fff6cefde65
0x000070000ebadfc0:   0000000000000000 0000000000000000 

Instructions: (pc=0x000000010ca6ff94)
0x000000010ca6ff74:   5d e9 16 00 00 00 66 0f 1f 44 00 00 55 48 89 e5
0x000000010ca6ff84:   5d e9 16 00 00 00 66 0f 1f 44 00 00 55 48 89 e5
0x000000010ca6ff94:   48 8b 07 5d c3 0f 1f 80 00 00 00 00 55 48 89 e5
0x000000010ca6ffa4:   48 89 f8 5d c3 0f 1f 80 00 00 00 00 55 48 89 e5 

Stack slot to memory mapping:
stack at sp + 0 slots: 0x000070000ebadde0 is pointing into the stack for thread: 0x00007ffa32800000
stack at sp + 1 slots: 0x000000010ca6ff59: _ZN16RawAccessBarrierILy1097844EE8oop_loadIP7oopDescEET_Pv+0x9 in /Library/Java/JavaVirtualMachines/jdk-11.0.6.jdk/Contents/Home/lib/server/libjvm.dylib at 0x000000010c365000
stack at sp + 2 slots: 0x000070000ebade00 is pointing into the stack for thread: 0x00007ffa32800000
stack at sp + 3 slots: 0x000000010ca6ffcb: _ZN12G1BarrierSet13AccessBarrierILy1097844ES_E20oop_load_not_in_heapIP7oopDescEES4_PT_+0xb in /Library/Java/JavaVirtualMachines/jdk-11.0.6.jdk/Contents/Home/lib/server/libjvm.dylib at 0x000000010c365000
stack at sp + 4 slots: 0x0 is NULL
stack at sp + 5 slots: 0x0 is NULL
stack at sp + 6 slots: 0x000070000ebade90 is pointing into the stack for thread: 0x00007ffa32800000
stack at sp + 7 slots: 0x000000010c74bf3d: jni_GetStringUTFChars+0xe3 in /Library/Java/JavaVirtualMachines/jdk-11.0.6.jdk/Contents/Home/lib/server/libjvm.dylib at 0x000000010c365000


---------------  P R O C E S S  ---------------

Threads class SMR info:
_java_thread_list=0x00007ffa30d4a740, length=9, elements={
0x00007ffa32800000, 0x00007ffa3283e000, 0x00007ffa32021000, 0x00007ffa32848000,
0x00007ffa31828000, 0x00007ffa3107a800, 0x00007ffa32848800, 0x00007ffa3288b800,
0x00007ffa32894800
}

Java Threads: ( => current thread )
=>0x00007ffa32800000 JavaThread "main" [_thread_in_vm, id=5891, stack(0x000070000eaae000,0x000070000ebae000)]
  0x00007ffa3283e000 JavaThread "Reference Handler" daemon [_thread_blocked, id=19203, stack(0x000070000f1c3000,0x000070000f2c3000)]
  0x00007ffa32021000 JavaThread "Finalizer" daemon [_thread_blocked, id=13827, stack(0x000070000f2c6000,0x000070000f3c6000)]
  0x00007ffa32848000 JavaThread "Signal Dispatcher" daemon [_thread_blocked, id=15619, stack(0x000070000f552000,0x000070000f652000)]
  0x00007ffa31828000 JavaThread "C2 CompilerThread0" daemon [_thread_blocked, id=17155, stack(0x000070000f655000,0x000070000f755000)]
  0x00007ffa3107a800 JavaThread "C1 CompilerThread0" daemon [_thread_blocked, id=16131, stack(0x000070000f758000,0x000070000f858000)]
  0x00007ffa32848800 JavaThread "Sweeper thread" daemon [_thread_blocked, id=43267, stack(0x000070000f85b000,0x000070000f95b000)]
  0x00007ffa3288b800 JavaThread "Service Thread" daemon [_thread_blocked, id=22275, stack(0x000070000f95e000,0x000070000fa5e000)]
  0x00007ffa32894800 JavaThread "Common-Cleaner" daemon [_thread_blocked, id=23043, stack(0x000070000fb64000,0x000070000fc64000)]

Other Threads:
  0x00007ffa3201e000 VMThread "VM Thread" [stack: 0x000070000f0c0000,0x000070000f1c0000] [id=19715]
  0x00007ffa32031800 WatcherThread [stack: 0x000070000fa61000,0x000070000fb61000] [id=22531]
  0x00007ffa32007800 GCTaskThread "GC Thread#0" [stack: 0x000070000ebb1000,0x000070000ecb1000] [id=11267]
  0x00007ffa31823000 ConcurrentGCThread "G1 Main Marker" [stack: 0x000070000ecb4000,0x000070000edb4000] [id=11779]
  0x00007ffa31006000 ConcurrentGCThread "G1 Conc#0" [stack: 0x000070000edb7000,0x000070000eeb7000] [id=12291]
  0x00007ffa3282a000 ConcurrentGCThread "G1 Refine#0" [stack: 0x000070000eeba000,0x000070000efba000] [id=12547]
  0x00007ffa32008800 ConcurrentGCThread "G1 Young RemSet Sampling" [stack: 0x000070000efbd000,0x000070000f0bd000] [id=20227]

Threads with active compile tasks:

VM state:not at safepoint (normal execution)

VM Mutex/Monitor currently owned by a thread: None

Heap address: 0x0000000780000000, size: 2048 MB, Compressed Oops mode: Zero based, Oop shift amount: 3
Narrow klass base: 0x0000000800000000, Narrow klass shift: 0
Compressed class space size: 1073741824 Address: 0x0000000800000000

Heap:
 garbage-first heap   total 131072K, used 2048K [0x0000000780000000, 0x0000000800000000)
  region size 1024K, 3 young (3072K), 0 survivors (0K)
 Metaspace       used 5138K, capacity 5270K, committed 5376K, reserved 1056768K
  class space    used 450K, capacity 498K, committed 512K, reserved 1048576K
Heap Regions: E=young(eden), S=young(survivor), O=old, HS=humongous(starts), HC=humongous(continues), CS=collection set, F=free, A=archive, TAMS=top-at-mark-start (previous, next)
|   0|0x0000000780000000, 0x0000000780000000, 0x0000000780100000|  0%| F|  |TAMS 0x0000000780000000, 0x0000000780000000| Untracked 
|   1|0x0000000780100000, 0x0000000780100000, 0x0000000780200000|  0%| F|  |TAMS 0x0000000780100000, 0x0000000780100000| Untracked 
|   2|0x0000000780200000, 0x0000000780200000, 0x0000000780300000|  0%| F|  |TAMS 0x0000000780200000, 0x0000000780200000| Untracked 
|   3|0x0000000780300000, 0x0000000780300000, 0x0000000780400000|  0%| F|  |TAMS 0x0000000780300000, 0x0000000780300000| Untracked 
|   4|0x0000000780400000, 0x0000000780400000, 0x0000000780500000|  0%| F|  |TAMS 0x0000000780400000, 0x0000000780400000| Untracked 
|   5|0x0000000780500000, 0x0000000780500000, 0x0000000780600000|  0%| F|  |TAMS 0x0000000780500000, 0x0000000780500000| Untracked 
|   6|0x0000000780600000, 0x0000000780600000, 0x0000000780700000|  0%| F|  |TAMS 0x0000000780600000, 0x0000000780600000| Untracked 
|   7|0x0000000780700000, 0x0000000780700000, 0x0000000780800000|  0%| F|  |TAMS 0x0000000780700000, 0x0000000780700000| Untracked 
|   8|0x0000000780800000, 0x0000000780800000, 0x0000000780900000|  0%| F|  |TAMS 0x0000000780800000, 0x0000000780800000| Untracked 
|   9|0x0000000780900000, 0x0000000780900000, 0x0000000780a00000|  0%| F|  |TAMS 0x0000000780900000, 0x0000000780900000| Untracked 
|  10|0x0000000780a00000, 0x0000000780a00000, 0x0000000780b00000|  0%| F|  |TAMS 0x0000000780a00000, 0x0000000780a00000| Untracked 
|  11|0x0000000780b00000, 0x0000000780b00000, 0x0000000780c00000|  0%| F|  |TAMS 0x0000000780b00000, 0x0000000780b00000| Untracked 
|  12|0x0000000780c00000, 0x0000000780c00000, 0x0000000780d00000|  0%| F|  |TAMS 0x0000000780c00000, 0x0000000780c00000| Untracked 
|  13|0x0000000780d00000, 0x0000000780d00000, 0x0000000780e00000|  0%| F|  |TAMS 0x0000000780d00000, 0x0000000780d00000| Untracked 
|  14|0x0000000780e00000, 0x0000000780e00000, 0x0000000780f00000|  0%| F|  |TAMS 0x0000000780e00000, 0x0000000780e00000| Untracked 
|  15|0x0000000780f00000, 0x0000000780f00000, 0x0000000781000000|  0%| F|  |TAMS 0x0000000780f00000, 0x0000000780f00000| Untracked 
|  16|0x0000000781000000, 0x0000000781000000, 0x0000000781100000|  0%| F|  |TAMS 0x0000000781000000, 0x0000000781000000| Untracked 
|  17|0x0000000781100000, 0x0000000781100000, 0x0000000781200000|  0%| F|  |TAMS 0x0000000781100000, 0x0000000781100000| Untracked 
|  18|0x0000000781200000, 0x0000000781200000, 0x0000000781300000|  0%| F|  |TAMS 0x0000000781200000, 0x0000000781200000| Untracked 
|  19|0x0000000781300000, 0x0000000781300000, 0x0000000781400000|  0%| F|  |TAMS 0x0000000781300000, 0x0000000781300000| Untracked 
|  20|0x0000000781400000, 0x0000000781400000, 0x0000000781500000|  0%| F|  |TAMS 0x0000000781400000, 0x0000000781400000| Untracked 
|  21|0x0000000781500000, 0x0000000781500000, 0x0000000781600000|  0%| F|  |TAMS 0x0000000781500000, 0x0000000781500000| Untracked 
|  22|0x0000000781600000, 0x0000000781600000, 0x0000000781700000|  0%| F|  |TAMS 0x0000000781600000, 0x0000000781600000| Untracked 
|  23|0x0000000781700000, 0x0000000781700000, 0x0000000781800000|  0%| F|  |TAMS 0x0000000781700000, 0x0000000781700000| Untracked 
|  24|0x0000000781800000, 0x0000000781800000, 0x0000000781900000|  0%| F|  |TAMS 0x0000000781800000, 0x0000000781800000| Untracked 
|  25|0x0000000781900000, 0x0000000781900000, 0x0000000781a00000|  0%| F|  |TAMS 0x0000000781900000, 0x0000000781900000| Untracked 
|  26|0x0000000781a00000, 0x0000000781a00000, 0x0000000781b00000|  0%| F|  |TAMS 0x0000000781a00000, 0x0000000781a00000| Untracked 
|  27|0x0000000781b00000, 0x0000000781b00000, 0x0000000781c00000|  0%| F|  |TAMS 0x0000000781b00000, 0x0000000781b00000| Untracked 
|  28|0x0000000781c00000, 0x0000000781c00000, 0x0000000781d00000|  0%| F|  |TAMS 0x0000000781c00000, 0x0000000781c00000| Untracked 
|  29|0x0000000781d00000, 0x0000000781d00000, 0x0000000781e00000|  0%| F|  |TAMS 0x0000000781d00000, 0x0000000781d00000| Untracked 
|  30|0x0000000781e00000, 0x0000000781e00000, 0x0000000781f00000|  0%| F|  |TAMS 0x0000000781e00000, 0x0000000781e00000| Untracked 
|  31|0x0000000781f00000, 0x0000000781f00000, 0x0000000782000000|  0%| F|  |TAMS 0x0000000781f00000, 0x0000000781f00000| Untracked 
|  32|0x0000000782000000, 0x0000000782000000, 0x0000000782100000|  0%| F|  |TAMS 0x0000000782000000, 0x0000000782000000| Untracked 
|  33|0x0000000782100000, 0x0000000782100000, 0x0000000782200000|  0%| F|  |TAMS 0x0000000782100000, 0x0000000782100000| Untracked 
|  34|0x0000000782200000, 0x0000000782200000, 0x0000000782300000|  0%| F|  |TAMS 0x0000000782200000, 0x0000000782200000| Untracked 
|  35|0x0000000782300000, 0x0000000782300000, 0x0000000782400000|  0%| F|  |TAMS 0x0000000782300000, 0x0000000782300000| Untracked 
|  36|0x0000000782400000, 0x0000000782400000, 0x0000000782500000|  0%| F|  |TAMS 0x0000000782400000, 0x0000000782400000| Untracked 
|  37|0x0000000782500000, 0x0000000782500000, 0x0000000782600000|  0%| F|  |TAMS 0x0000000782500000, 0x0000000782500000| Untracked 
|  38|0x0000000782600000, 0x0000000782600000, 0x0000000782700000|  0%| F|  |TAMS 0x0000000782600000, 0x0000000782600000| Untracked 
|  39|0x0000000782700000, 0x0000000782700000, 0x0000000782800000|  0%| F|  |TAMS 0x0000000782700000, 0x0000000782700000| Untracked 
|  40|0x0000000782800000, 0x0000000782800000, 0x0000000782900000|  0%| F|  |TAMS 0x0000000782800000, 0x0000000782800000| Untracked 
|  41|0x0000000782900000, 0x0000000782900000, 0x0000000782a00000|  0%| F|  |TAMS 0x0000000782900000, 0x0000000782900000| Untracked 
|  42|0x0000000782a00000, 0x0000000782a00000, 0x0000000782b00000|  0%| F|  |TAMS 0x0000000782a00000, 0x0000000782a00000| Untracked 
|  43|0x0000000782b00000, 0x0000000782b00000, 0x0000000782c00000|  0%| F|  |TAMS 0x0000000782b00000, 0x0000000782b00000| Untracked 
|  44|0x0000000782c00000, 0x0000000782c00000, 0x0000000782d00000|  0%| F|  |TAMS 0x0000000782c00000, 0x0000000782c00000| Untracked 
|  45|0x0000000782d00000, 0x0000000782d00000, 0x0000000782e00000|  0%| F|  |TAMS 0x0000000782d00000, 0x0000000782d00000| Untracked 
|  46|0x0000000782e00000, 0x0000000782e00000, 0x0000000782f00000|  0%| F|  |TAMS 0x0000000782e00000, 0x0000000782e00000| Untracked 
|  47|0x0000000782f00000, 0x0000000782f00000, 0x0000000783000000|  0%| F|  |TAMS 0x0000000782f00000, 0x0000000782f00000| Untracked 
|  48|0x0000000783000000, 0x0000000783000000, 0x0000000783100000|  0%| F|  |TAMS 0x0000000783000000, 0x0000000783000000| Untracked 
|  49|0x0000000783100000, 0x0000000783100000, 0x0000000783200000|  0%| F|  |TAMS 0x0000000783100000, 0x0000000783100000| Untracked 
|  50|0x0000000783200000, 0x0000000783200000, 0x0000000783300000|  0%| F|  |TAMS 0x0000000783200000, 0x0000000783200000| Untracked 
|  51|0x0000000783300000, 0x0000000783300000, 0x0000000783400000|  0%| F|  |TAMS 0x0000000783300000, 0x0000000783300000| Untracked 
|  52|0x0000000783400000, 0x0000000783400000, 0x0000000783500000|  0%| F|  |TAMS 0x0000000783400000, 0x0000000783400000| Untracked 
|  53|0x0000000783500000, 0x0000000783500000, 0x0000000783600000|  0%| F|  |TAMS 0x0000000783500000, 0x0000000783500000| Untracked 
|  54|0x0000000783600000, 0x0000000783600000, 0x0000000783700000|  0%| F|  |TAMS 0x0000000783600000, 0x0000000783600000| Untracked 
|  55|0x0000000783700000, 0x0000000783700000, 0x0000000783800000|  0%| F|  |TAMS 0x0000000783700000, 0x0000000783700000| Untracked 
|  56|0x0000000783800000, 0x0000000783800000, 0x0000000783900000|  0%| F|  |TAMS 0x0000000783800000, 0x0000000783800000| Untracked 
|  57|0x0000000783900000, 0x0000000783900000, 0x0000000783a00000|  0%| F|  |TAMS 0x0000000783900000, 0x0000000783900000| Untracked 
|  58|0x0000000783a00000, 0x0000000783a00000, 0x0000000783b00000|  0%| F|  |TAMS 0x0000000783a00000, 0x0000000783a00000| Untracked 
|  59|0x0000000783b00000, 0x0000000783b00000, 0x0000000783c00000|  0%| F|  |TAMS 0x0000000783b00000, 0x0000000783b00000| Untracked 
|  60|0x0000000783c00000, 0x0000000783c00000, 0x0000000783d00000|  0%| F|  |TAMS 0x0000000783c00000, 0x0000000783c00000| Untracked 
|  61|0x0000000783d00000, 0x0000000783d00000, 0x0000000783e00000|  0%| F|  |TAMS 0x0000000783d00000, 0x0000000783d00000| Untracked 
|  62|0x0000000783e00000, 0x0000000783e00000, 0x0000000783f00000|  0%| F|  |TAMS 0x0000000783e00000, 0x0000000783e00000| Untracked 
|  63|0x0000000783f00000, 0x0000000783f00000, 0x0000000784000000|  0%| F|  |TAMS 0x0000000783f00000, 0x0000000783f00000| Untracked 
|  64|0x0000000784000000, 0x0000000784000000, 0x0000000784100000|  0%| F|  |TAMS 0x0000000784000000, 0x0000000784000000| Untracked 
|  65|0x0000000784100000, 0x0000000784100000, 0x0000000784200000|  0%| F|  |TAMS 0x0000000784100000, 0x0000000784100000| Untracked 
|  66|0x0000000784200000, 0x0000000784200000, 0x0000000784300000|  0%| F|  |TAMS 0x0000000784200000, 0x0000000784200000| Untracked 
|  67|0x0000000784300000, 0x0000000784300000, 0x0000000784400000|  0%| F|  |TAMS 0x0000000784300000, 0x0000000784300000| Untracked 
|  68|0x0000000784400000, 0x0000000784400000, 0x0000000784500000|  0%| F|  |TAMS 0x0000000784400000, 0x0000000784400000| Untracked 
|  69|0x0000000784500000, 0x0000000784500000, 0x0000000784600000|  0%| F|  |TAMS 0x0000000784500000, 0x0000000784500000| Untracked 
|  70|0x0000000784600000, 0x0000000784600000, 0x0000000784700000|  0%| F|  |TAMS 0x0000000784600000, 0x0000000784600000| Untracked 
|  71|0x0000000784700000, 0x0000000784700000, 0x0000000784800000|  0%| F|  |TAMS 0x0000000784700000, 0x0000000784700000| Untracked 
|  72|0x0000000784800000, 0x0000000784800000, 0x0000000784900000|  0%| F|  |TAMS 0x0000000784800000, 0x0000000784800000| Untracked 
|  73|0x0000000784900000, 0x0000000784900000, 0x0000000784a00000|  0%| F|  |TAMS 0x0000000784900000, 0x0000000784900000| Untracked 
|  74|0x0000000784a00000, 0x0000000784a00000, 0x0000000784b00000|  0%| F|  |TAMS 0x0000000784a00000, 0x0000000784a00000| Untracked 
|  75|0x0000000784b00000, 0x0000000784b00000, 0x0000000784c00000|  0%| F|  |TAMS 0x0000000784b00000, 0x0000000784b00000| Untracked 
|  76|0x0000000784c00000, 0x0000000784c00000, 0x0000000784d00000|  0%| F|  |TAMS 0x0000000784c00000, 0x0000000784c00000| Untracked 
|  77|0x0000000784d00000, 0x0000000784d00000, 0x0000000784e00000|  0%| F|  |TAMS 0x0000000784d00000, 0x0000000784d00000| Untracked 
|  78|0x0000000784e00000, 0x0000000784e00000, 0x0000000784f00000|  0%| F|  |TAMS 0x0000000784e00000, 0x0000000784e00000| Untracked 
|  79|0x0000000784f00000, 0x0000000784f00000, 0x0000000785000000|  0%| F|  |TAMS 0x0000000784f00000, 0x0000000784f00000| Untracked 
|  80|0x0000000785000000, 0x0000000785000000, 0x0000000785100000|  0%| F|  |TAMS 0x0000000785000000, 0x0000000785000000| Untracked 
|  81|0x0000000785100000, 0x0000000785100000, 0x0000000785200000|  0%| F|  |TAMS 0x0000000785100000, 0x0000000785100000| Untracked 
|  82|0x0000000785200000, 0x0000000785200000, 0x0000000785300000|  0%| F|  |TAMS 0x0000000785200000, 0x0000000785200000| Untracked 
|  83|0x0000000785300000, 0x0000000785300000, 0x0000000785400000|  0%| F|  |TAMS 0x0000000785300000, 0x0000000785300000| Untracked 
|  84|0x0000000785400000, 0x0000000785400000, 0x0000000785500000|  0%| F|  |TAMS 0x0000000785400000, 0x0000000785400000| Untracked 
|  85|0x0000000785500000, 0x0000000785500000, 0x0000000785600000|  0%| F|  |TAMS 0x0000000785500000, 0x0000000785500000| Untracked 
|  86|0x0000000785600000, 0x0000000785600000, 0x0000000785700000|  0%| F|  |TAMS 0x0000000785600000, 0x0000000785600000| Untracked 
|  87|0x0000000785700000, 0x0000000785700000, 0x0000000785800000|  0%| F|  |TAMS 0x0000000785700000, 0x0000000785700000| Untracked 
|  88|0x0000000785800000, 0x0000000785800000, 0x0000000785900000|  0%| F|  |TAMS 0x0000000785800000, 0x0000000785800000| Untracked 
|  89|0x0000000785900000, 0x0000000785900000, 0x0000000785a00000|  0%| F|  |TAMS 0x0000000785900000, 0x0000000785900000| Untracked 
|  90|0x0000000785a00000, 0x0000000785a00000, 0x0000000785b00000|  0%| F|  |TAMS 0x0000000785a00000, 0x0000000785a00000| Untracked 
|  91|0x0000000785b00000, 0x0000000785b00000, 0x0000000785c00000|  0%| F|  |TAMS 0x0000000785b00000, 0x0000000785b00000| Untracked 
|  92|0x0000000785c00000, 0x0000000785c00000, 0x0000000785d00000|  0%| F|  |TAMS 0x0000000785c00000, 0x0000000785c00000| Untracked 
|  93|0x0000000785d00000, 0x0000000785d00000, 0x0000000785e00000|  0%| F|  |TAMS 0x0000000785d00000, 0x0000000785d00000| Untracked 
|  94|0x0000000785e00000, 0x0000000785e00000, 0x0000000785f00000|  0%| F|  |TAMS 0x0000000785e00000, 0x0000000785e00000| Untracked 
|  95|0x0000000785f00000, 0x0000000785f00000, 0x0000000786000000|  0%| F|  |TAMS 0x0000000785f00000, 0x0000000785f00000| Untracked 
|  96|0x0000000786000000, 0x0000000786000000, 0x0000000786100000|  0%| F|  |TAMS 0x0000000786000000, 0x0000000786000000| Untracked 
|  97|0x0000000786100000, 0x0000000786100000, 0x0000000786200000|  0%| F|  |TAMS 0x0000000786100000, 0x0000000786100000| Untracked 
|  98|0x0000000786200000, 0x0000000786200000, 0x0000000786300000|  0%| F|  |TAMS 0x0000000786200000, 0x0000000786200000| Untracked 
|  99|0x0000000786300000, 0x0000000786300000, 0x0000000786400000|  0%| F|  |TAMS 0x0000000786300000, 0x0000000786300000| Untracked 
| 100|0x0000000786400000, 0x0000000786400000, 0x0000000786500000|  0%| F|  |TAMS 0x0000000786400000, 0x0000000786400000| Untracked 
| 101|0x0000000786500000, 0x0000000786500000, 0x0000000786600000|  0%| F|  |TAMS 0x0000000786500000, 0x0000000786500000| Untracked 
| 102|0x0000000786600000, 0x0000000786600000, 0x0000000786700000|  0%| F|  |TAMS 0x0000000786600000, 0x0000000786600000| Untracked 
| 103|0x0000000786700000, 0x0000000786700000, 0x0000000786800000|  0%| F|  |TAMS 0x0000000786700000, 0x0000000786700000| Untracked 
| 104|0x0000000786800000, 0x0000000786800000, 0x0000000786900000|  0%| F|  |TAMS 0x0000000786800000, 0x0000000786800000| Untracked 
| 105|0x0000000786900000, 0x0000000786900000, 0x0000000786a00000|  0%| F|  |TAMS 0x0000000786900000, 0x0000000786900000| Untracked 
| 106|0x0000000786a00000, 0x0000000786a00000, 0x0000000786b00000|  0%| F|  |TAMS 0x0000000786a00000, 0x0000000786a00000| Untracked 
| 107|0x0000000786b00000, 0x0000000786b00000, 0x0000000786c00000|  0%| F|  |TAMS 0x0000000786b00000, 0x0000000786b00000| Untracked 
| 108|0x0000000786c00000, 0x0000000786c00000, 0x0000000786d00000|  0%| F|  |TAMS 0x0000000786c00000, 0x0000000786c00000| Untracked 
| 109|0x0000000786d00000, 0x0000000786d00000, 0x0000000786e00000|  0%| F|  |TAMS 0x0000000786d00000, 0x0000000786d00000| Untracked 
| 110|0x0000000786e00000, 0x0000000786e00000, 0x0000000786f00000|  0%| F|  |TAMS 0x0000000786e00000, 0x0000000786e00000| Untracked 
| 111|0x0000000786f00000, 0x0000000786f00000, 0x0000000787000000|  0%| F|  |TAMS 0x0000000786f00000, 0x0000000786f00000| Untracked 
| 112|0x0000000787000000, 0x0000000787000000, 0x0000000787100000|  0%| F|  |TAMS 0x0000000787000000, 0x0000000787000000| Untracked 
| 113|0x0000000787100000, 0x0000000787100000, 0x0000000787200000|  0%| F|  |TAMS 0x0000000787100000, 0x0000000787100000| Untracked 
| 114|0x0000000787200000, 0x0000000787200000, 0x0000000787300000|  0%| F|  |TAMS 0x0000000787200000, 0x0000000787200000| Untracked 
| 115|0x0000000787300000, 0x0000000787300000, 0x0000000787400000|  0%| F|  |TAMS 0x0000000787300000, 0x0000000787300000| Untracked 
| 116|0x0000000787400000, 0x0000000787400000, 0x0000000787500000|  0%| F|  |TAMS 0x0000000787400000, 0x0000000787400000| Untracked 
| 117|0x0000000787500000, 0x0000000787500000, 0x0000000787600000|  0%| F|  |TAMS 0x0000000787500000, 0x0000000787500000| Untracked 
| 118|0x0000000787600000, 0x0000000787600000, 0x0000000787700000|  0%| F|  |TAMS 0x0000000787600000, 0x0000000787600000| Untracked 
| 119|0x0000000787700000, 0x0000000787700000, 0x0000000787800000|  0%| F|  |TAMS 0x0000000787700000, 0x0000000787700000| Untracked 
| 120|0x0000000787800000, 0x0000000787800000, 0x0000000787900000|  0%| F|  |TAMS 0x0000000787800000, 0x0000000787800000| Untracked 
| 121|0x0000000787900000, 0x0000000787900000, 0x0000000787a00000|  0%| F|  |TAMS 0x0000000787900000, 0x0000000787900000| Untracked 
| 122|0x0000000787a00000, 0x0000000787a00000, 0x0000000787b00000|  0%| F|  |TAMS 0x0000000787a00000, 0x0000000787a00000| Untracked 
| 123|0x0000000787b00000, 0x0000000787b00000, 0x0000000787c00000|  0%| F|  |TAMS 0x0000000787b00000, 0x0000000787b00000| Untracked 
| 124|0x0000000787c00000, 0x0000000787c00000, 0x0000000787d00000|  0%| F|  |TAMS 0x0000000787c00000, 0x0000000787c00000| Untracked 
| 125|0x0000000787d00000, 0x0000000787da8968, 0x0000000787e00000| 65%| E|  |TAMS 0x0000000787d00000, 0x0000000787d00000| Complete 
| 126|0x0000000787e00000, 0x0000000787f00000, 0x0000000787f00000|100%| E|CS|TAMS 0x0000000787e00000, 0x0000000787e00000| Complete 
| 127|0x0000000787f00000, 0x0000000788000000, 0x0000000788000000|100%| E|CS|TAMS 0x0000000787f00000, 0x0000000787f00000| Complete 

Card table byte_map: [0x000000010e3d6000,0x000000010e7d6000] _byte_map_base: 0x000000010a7d6000

Marking Bits (Prev, Next): (CMBitMap*) 0x00007ffa3181aa18, (CMBitMap*) 0x00007ffa3181aa50
 Prev Bits: [0x000000010ebd6000, 0x0000000110bd6000)
 Next Bits: [0x0000000110bd6000, 0x0000000112bd6000)

Polling page: 0x000000010d0fc000

Metaspace:

Usage:
  Non-class:      4.66 MB capacity,     4.58 MB ( 98%) used,    83.23 KB (  2%) free+waste,     1.25 KB ( <1%) overhead. 
      Class:    498.00 KB capacity,   450.98 KB ( 91%) used,    46.20 KB (  9%) free+waste,   832 bytes ( <1%) overhead. 
       Both:      5.15 MB capacity,     5.02 MB ( 98%) used,   129.44 KB (  2%) free+waste,     2.06 KB ( <1%) overhead. 

Virtual space:
  Non-class space:        8.00 MB reserved,       4.75 MB ( 59%) committed 
      Class space:        1.00 GB reserved,     512.00 KB ( <1%) committed 
             Both:        1.01 GB reserved,       5.25 MB ( <1%) committed 

Chunk freelists:
   Non-Class:  512 bytes
       Class:  1.75 KB
        Both:  2.25 KB

CodeHeap 'non-profiled nmethods': size=120032Kb used=36Kb max_used=36Kb free=119995Kb
 bounds [0x0000000123bff000, 0x0000000123e6f000, 0x000000012b137000]
CodeHeap 'profiled nmethods': size=120032Kb used=253Kb max_used=253Kb free=119778Kb
 bounds [0x000000011c6c7000, 0x000000011c937000, 0x0000000123bff000]
CodeHeap 'non-nmethods': size=5696Kb used=1016Kb max_used=1028Kb free=4679Kb
 bounds [0x000000011c137000, 0x000000011c3a7000, 0x000000011c6c7000]
 total_blobs=535 nmethods=177 adapters=202
 compilation: enabled
              stopped_count=0, restarted_count=0
 full_count=0

Compilation events (10 events):
Event: 0.216 Thread 0x00007ffa3107a800 nmethod 169 0x000000011c702390 code [0x000000011c702540, 0x000000011c702850]
Event: 0.216 Thread 0x00007ffa3107a800  170       1       java.net.URL::getFile (5 bytes)
Event: 0.216 Thread 0x00007ffa3107a800 nmethod 170 0x0000000123c07d90 code [0x0000000123c07f40, 0x0000000123c08050]
Event: 0.217 Thread 0x00007ffa31828000  171       4       java.lang.String::length (11 bytes)
Event: 0.217 Thread 0x00007ffa3107a800  172       3       java.util.zip.ZipFile::ensureOpen (38 bytes)
Event: 0.217 Thread 0x00007ffa31828000 nmethod 171 0x0000000123c08090 code [0x0000000123c08220, 0x0000000123c08298]
Event: 0.217 Thread 0x00007ffa3107a800 nmethod 172 0x000000011c702910 code [0x000000011c702b00, 0x000000011c702eb8]
Event: 0.218 Thread 0x00007ffa3107a800  177       3       java.util.zip.ZipFile$Source::getEntryPos (206 bytes)
Event: 0.219 Thread 0x00007ffa3107a800 nmethod 177 0x000000011c703010 code [0x000000011c703280, 0x000000011c703f98]
Event: 0.219 Thread 0x00007ffa3107a800  173       3       java.lang.StringCoding::encodeUTF8 (132 bytes)

GC Heap History (0 events):
No events

Deoptimization events (1 events):
Event: 0.139 Thread 0x00007ffa32800000 Uncommon trap: reason=unstable_if action=reinterpret pc=0x0000000123c03620 method=java.lang.String.hashCode()I @ 14 c2

Classes redefined (0 events):
No events

Internal exceptions (0 events):
No events

Events (10 events):
Event: 0.217 loading class javax/servlet/ServletResponse
Event: 0.217 loading class javax/servlet/ServletResponse done
Event: 0.218 loading class org/apache/catalina/Wrapper
Event: 0.218 loading class org/apache/catalina/Wrapper done
Event: 0.218 loading class java/lang/PublicMethods$Key
Event: 0.218 loading class java/lang/PublicMethods$Key done
Event: 0.218 loading class org/apache/catalina/startup/Tomcat
Event: 0.218 loading class org/apache/catalina/startup/Tomcat done
Event: 0.219 loading class java/lang/Class$EnclosingMethodInfo
Event: 0.219 loading class java/lang/Class$EnclosingMethodInfo done


Dynamic libraries:
0x00007fff3465a000 	/System/Library/Frameworks/Cocoa.framework/Versions/A/Cocoa
0x00007fff41c28000 	/System/Library/Frameworks/Security.framework/Versions/A/Security
0x00007fff335e4000 	/System/Library/Frameworks/ApplicationServices.framework/Versions/A/ApplicationServices
0x00007fff6c055000 	/usr/lib/libz.1.dylib
0x00007fff69b24000 	/usr/lib/libSystem.B.dylib
0x00007fff355d1000 	/System/Library/Frameworks/CoreFoundation.framework/Versions/A/CoreFoundation
0x00007fff37c96000 	/System/Library/Frameworks/Foundation.framework/Versions/C/Foundation
0x00007fff6b979000 	/usr/lib/libobjc.A.dylib
0x00007fff327d9000 	/System/Library/Frameworks/AppKit.framework/Versions/C/AppKit
0x00007fff350dd000 	/System/Library/Frameworks/CoreData.framework/Versions/A/CoreData
0x00007fff663cc000 	/System/Library/PrivateFrameworks/UIFoundation.framework/Versions/A/UIFoundation
0x00007fff60ba8000 	/System/Library/PrivateFrameworks/RemoteViewServices.framework/Versions/A/RemoteViewServices
0x00007fff68e5f000 	/System/Library/PrivateFrameworks/XCTTargetBootstrap.framework/Versions/A/XCTTargetBootstrap
0x00007fff354c0000 	/System/Library/Frameworks/CoreDisplay.framework/Versions/A/CoreDisplay
0x00007fff3aa0e000 	/System/Library/Frameworks/Metal.framework/Versions/A/Metal
0x00007fff4efae000 	/System/Library/PrivateFrameworks/DesktopServicesPriv.framework/Versions/A/DesktopServicesPriv
0x00007fff6ac5a000 	/usr/lib/liblangid.dylib
0x00007fff4e0fa000 	/System/Library/PrivateFrameworks/CoreSVG.framework/Versions/A/CoreSVG
0x00007fff6396f000 	/System/Library/PrivateFrameworks/SkyLight.framework/Versions/A/SkyLight
0x00007fff35a53000 	/System/Library/Frameworks/CoreGraphics.framework/Versions/A/CoreGraphics
0x00007fff31378000 	/System/Library/Frameworks/Accelerate.framework/Versions/A/Accelerate
0x00007fff6bf46000 	/usr/lib/libxml2.2.dylib
0x00007fff59cd2000 	/System/Library/PrivateFrameworks/IconServices.framework/Versions/A/IconServices
0x00007fff3847b000 	/System/Library/Frameworks/IOSurface.framework/Versions/A/IOSurface
0x00007fff6965c000 	/usr/lib/libDiagnosticMessagesClient.dylib
0x00007fff4ee27000 	/System/Library/PrivateFrameworks/DFRFoundation.framework/Versions/A/DFRFoundation
0x00007fff6a9e8000 	/usr/lib/libicucore.A.dylib
0x00007fff33916000 	/System/Library/Frameworks/AudioToolbox.framework/Versions/A/AudioToolbox
0x00007fff339f8000 	/System/Library/Frameworks/AudioUnit.framework/Versions/A/AudioUnit
0x00007fff69d25000 	/usr/lib/libauto.dylib
0x00007fff4eea8000 	/System/Library/PrivateFrameworks/DataDetectorsCore.framework/Versions/A/DataDetectorsCore
0x00007fff3417a000 	/System/Library/Frameworks/Carbon.framework/Versions/A/Frameworks/HIToolbox.framework/Versions/A/HIToolbox
0x00007fff40e59000 	/System/Library/Frameworks/QuartzCore.framework/Versions/A/QuartzCore
0x00007fff344b9000 	/System/Library/Frameworks/Carbon.framework/Versions/A/Frameworks/SpeechRecognition.framework/Versions/A/SpeechRecognition
0x00007fff4e7ad000 	/System/Library/PrivateFrameworks/CoreUI.framework/Versions/A/CoreUI
0x00007fff34b43000 	/System/Library/Frameworks/CoreAudio.framework/Versions/A/CoreAudio
0x00007fff3795e000 	/System/Library/Frameworks/DiskArbitration.framework/Versions/A/DiskArbitration
0x00007fff5bce7000 	/System/Library/PrivateFrameworks/MultitouchSupport.framework/Versions/A/MultitouchSupport
0x00007fff6a8ae000 	/usr/lib/libenergytrace.dylib
0x00007fff383d6000 	/System/Library/Frameworks/IOKit.framework/Versions/A/IOKit
0x00007fff369c1000 	/System/Library/Frameworks/CoreServices.framework/Versions/A/CoreServices
0x00007fff5ddf4000 	/System/Library/PrivateFrameworks/PerformanceAnalysis.framework/Versions/A/PerformanceAnalysis
0x00007fff3fe8f000 	/System/Library/Frameworks/OpenGL.framework/Versions/A/OpenGL
0x00007fff34668000 	/System/Library/Frameworks/ColorSync.framework/Versions/A/ColorSync
0x00007fff360da000 	/System/Library/Frameworks/CoreImage.framework/Versions/A/CoreImage
0x00007fff37437000 	/System/Library/Frameworks/CoreText.framework/Versions/A/CoreText
0x00007fff38501000 	/System/Library/Frameworks/ImageIO.framework/Versions/A/ImageIO
0x00007fff69e0a000 	/usr/lib/libc++.1.dylib
0x00007fff69e86000 	/usr/lib/libcompression.dylib
0x00007fff6999e000 	/usr/lib/libMobileGestalt.dylib
0x00007fff654ae000 	/System/Library/PrivateFrameworks/TextureIO.framework/Versions/A/TextureIO
0x00007fff69c8b000 	/usr/lib/libate.dylib
0x00007fff59edb000 	/System/Library/PrivateFrameworks/InternationalSupport.framework/Versions/A/InternationalSupport
0x00007fff6cacb000 	/usr/lib/system/libcache.dylib
0x00007fff6cad1000 	/usr/lib/system/libcommonCrypto.dylib
0x00007fff6cadd000 	/usr/lib/system/libcompiler_rt.dylib
0x00007fff6cae5000 	/usr/lib/system/libcopyfile.dylib
0x00007fff6caef000 	/usr/lib/system/libcorecrypto.dylib
0x00007fff6cc9d000 	/usr/lib/system/libdispatch.dylib
0x00007fff6ccdf000 	/usr/lib/system/libdyld.dylib
0x00007fff6cd15000 	/usr/lib/system/libkeymgr.dylib
0x00007fff6cd23000 	/usr/lib/system/liblaunch.dylib
0x00007fff6cd24000 	/usr/lib/system/libmacho.dylib
0x00007fff6cd2a000 	/usr/lib/system/libquarantine.dylib
0x00007fff6cd2d000 	/usr/lib/system/libremovefile.dylib
0x00007fff6cd2f000 	/usr/lib/system/libsystem_asl.dylib
0x00007fff6cd47000 	/usr/lib/system/libsystem_blocks.dylib
0x00007fff6cd48000 	/usr/lib/system/libsystem_c.dylib
0x00007fff6cdd0000 	/usr/lib/system/libsystem_configuration.dylib
0x00007fff6cdd4000 	/usr/lib/system/libsystem_coreservices.dylib
0x00007fff6cdd8000 	/usr/lib/system/libsystem_darwin.dylib
0x00007fff6cde1000 	/usr/lib/system/libsystem_dnssd.dylib
0x00007fff6cde9000 	/usr/lib/system/libsystem_featureflags.dylib
0x00007fff6cdeb000 	/usr/lib/system/libsystem_info.dylib
0x00007fff6ce66000 	/usr/lib/system/libsystem_m.dylib
0x00007fff6ceae000 	/usr/lib/system/libsystem_malloc.dylib
0x00007fff6ced6000 	/usr/lib/system/libsystem_networkextension.dylib
0x00007fff6cee4000 	/usr/lib/system/libsystem_notify.dylib
0x00007fff6cf03000 	/usr/lib/system/libsystem_sandbox.dylib
0x00007fff6cf08000 	/usr/lib/system/libsystem_secinit.dylib
0x00007fff6ce39000 	/usr/lib/system/libsystem_kernel.dylib
0x00007fff6ceee000 	/usr/lib/system/libsystem_platform.dylib
0x00007fff6cef8000 	/usr/lib/system/libsystem_pthread.dylib
0x00007fff6cf0b000 	/usr/lib/system/libsystem_symptoms.dylib
0x00007fff6cf13000 	/usr/lib/system/libsystem_trace.dylib
0x00007fff6cf2b000 	/usr/lib/system/libunwind.dylib
0x00007fff6cf31000 	/usr/lib/system/libxpc.dylib
0x00007fff69e5e000 	/usr/lib/libc++abi.dylib
0x00007fff6ac5c000 	/usr/lib/liblzma.5.dylib
0x00007fff6a8d6000 	/usr/lib/libfakelink.dylib
0x00007fff69c18000 	/usr/lib/libarchive.2.dylib
0x00007fff42dca000 	/System/Library/Frameworks/SystemConfiguration.framework/Versions/A/SystemConfiguration
0x00007fff6958d000 	/usr/lib/libCRFSuite.dylib
0x00007fff33d6e000 	/System/Library/Frameworks/CFNetwork.framework/Versions/A/CFNetwork
0x00007fff69dec000 	/usr/lib/libbsm.0.dylib
0x00007fff6cd16000 	/usr/lib/system/libkxld.dylib
0x00007fff488de000 	/System/Library/PrivateFrameworks/AppleFSCompression.framework/Versions/A/AppleFSCompression
0x00007fff6a16d000 	/usr/lib/libcoretls.dylib
0x00007fff6a184000 	/usr/lib/libcoretls_cfhelpers.dylib
0x00007fff6b9bd000 	/usr/lib/libpam.2.dylib
0x00007fff6baf0000 	/usr/lib/libsqlite3.dylib
0x00007fff6bf33000 	/usr/lib/libxar.1.dylib
0x00007fff69dfd000 	/usr/lib/libbz2.1.0.dylib
0x00007fff6a8f7000 	/usr/lib/libiconv.2.dylib
0x00007fff69e73000 	/usr/lib/libcharset.1.dylib
0x00007fff6b464000 	/usr/lib/libnetwork.dylib
0x00007fff6b9c4000 	/usr/lib/libpcap.A.dylib
0x00007fff69bcd000 	/usr/lib/libapple_nghttp2.dylib
0x00007fff36d78000 	/System/Library/Frameworks/CoreServices.framework/Versions/A/Frameworks/FSEvents.framework/Versions/A/FSEvents
0x00007fff36a48000 	/System/Library/Frameworks/CoreServices.framework/Versions/A/Frameworks/CarbonCore.framework/Versions/A/CarbonCore
0x00007fff36fbb000 	/System/Library/Frameworks/CoreServices.framework/Versions/A/Frameworks/Metadata.framework/Versions/A/Metadata
0x00007fff37054000 	/System/Library/Frameworks/CoreServices.framework/Versions/A/Frameworks/OSServices.framework/Versions/A/OSServices
0x00007fff37082000 	/System/Library/Frameworks/CoreServices.framework/Versions/A/Frameworks/SearchKit.framework/Versions/A/SearchKit
0x00007fff369c2000 	/System/Library/Frameworks/CoreServices.framework/Versions/A/Frameworks/AE.framework/Versions/A/AE
0x00007fff36d81000 	/System/Library/Frameworks/CoreServices.framework/Versions/A/Frameworks/LaunchServices.framework/Versions/A/LaunchServices
0x00007fff36d2a000 	/System/Library/Frameworks/CoreServices.framework/Versions/A/Frameworks/DictionaryServices.framework/Versions/A/DictionaryServices
0x00007fff370ea000 	/System/Library/Frameworks/CoreServices.framework/Versions/A/Frameworks/SharedFileList.framework/Versions/A/SharedFileList
0x00007fff3bce3000 	/System/Library/Frameworks/NetFS.framework/Versions/A/NetFS
0x00007fff5c217000 	/System/Library/PrivateFrameworks/NetAuth.framework/Versions/A/NetAuth
0x00007fff6922a000 	/System/Library/PrivateFrameworks/login.framework/Versions/A/Frameworks/loginsupport.framework/Versions/A/loginsupport
0x00007fff64fa9000 	/System/Library/PrivateFrameworks/TCC.framework/Versions/A/TCC
0x00007fff4d4c9000 	/System/Library/PrivateFrameworks/CoreNLP.framework/Versions/A/CoreNLP
0x00007fff5b717000 	/System/Library/PrivateFrameworks/MetadataUtilities.framework/Versions/A/MetadataUtilities
0x00007fff6ad34000 	/usr/lib/libmecabra.dylib
0x00007fff6ac8c000 	/usr/lib/libmecab.dylib
0x00007fff6a8e7000 	/usr/lib/libgermantok.dylib
0x00007fff69bb4000 	/usr/lib/libThaiTokenizer.dylib
0x00007fff695c5000 	/usr/lib/libChineseTokenizer.dylib
0x00007fff31390000 	/System/Library/Frameworks/Accelerate.framework/Versions/A/Frameworks/vImage.framework/Versions/A/vImage
0x00007fff32633000 	/System/Library/Frameworks/Accelerate.framework/Versions/A/Frameworks/vecLib.framework/Versions/A/vecLib
0x00007fff32577000 	/System/Library/Frameworks/Accelerate.framework/Versions/A/Frameworks/vecLib.framework/Versions/A/libvMisc.dylib
0x00007fff3239d000 	/System/Library/Frameworks/Accelerate.framework/Versions/A/Frameworks/vecLib.framework/Versions/A/libvDSP.dylib
0x00007fff319fc000 	/System/Library/Frameworks/Accelerate.framework/Versions/A/Frameworks/vecLib.framework/Versions/A/libBLAS.dylib
0x00007fff31f57000 	/System/Library/Frameworks/Accelerate.framework/Versions/A/Frameworks/vecLib.framework/Versions/A/libLAPACK.dylib
0x00007fff322fd000 	/System/Library/Frameworks/Accelerate.framework/Versions/A/Frameworks/vecLib.framework/Versions/A/libLinearAlgebra.dylib
0x00007fff3238a000 	/System/Library/Frameworks/Accelerate.framework/Versions/A/Frameworks/vecLib.framework/Versions/A/libSparseBLAS.dylib
0x00007fff32313000 	/System/Library/Frameworks/Accelerate.framework/Versions/A/Frameworks/vecLib.framework/Versions/A/libQuadrature.dylib
0x00007fff31c66000 	/System/Library/Frameworks/Accelerate.framework/Versions/A/Frameworks/vecLib.framework/Versions/A/libBNNS.dylib
0x00007fff32319000 	/System/Library/Frameworks/Accelerate.framework/Versions/A/Frameworks/vecLib.framework/Versions/A/libSparse.dylib
0x00007fff5a29a000 	/System/Library/PrivateFrameworks/LanguageModeling.framework/Versions/A/LanguageModeling
0x00007fff4ce65000 	/System/Library/PrivateFrameworks/CoreEmoji.framework/Versions/A/CoreEmoji
0x00007fff5a3b8000 	/System/Library/PrivateFrameworks/LinguisticData.framework/Versions/A/LinguisticData
0x00007fff5a369000 	/System/Library/PrivateFrameworks/Lexicon.framework/Versions/A/Lexicon
0x00007fff69e74000 	/usr/lib/libcmph.dylib
0x00007fff3e8b5000 	/System/Library/Frameworks/OpenDirectory.framework/Versions/A/Frameworks/CFOpenDirectory.framework/Versions/A/CFOpenDirectory
0x00007fff3e8d2000 	/System/Library/Frameworks/OpenDirectory.framework/Versions/A/OpenDirectory
0x00007fff46b9f000 	/System/Library/PrivateFrameworks/APFS.framework/Versions/A/APFS
0x00007fff41f7b000 	/System/Library/Frameworks/SecurityFoundation.framework/Versions/A/SecurityFoundation
0x00007fff6bf2f000 	/usr/lib/libutil.dylib
0x00007fff4e152000 	/System/Library/PrivateFrameworks/CoreServicesStore.framework/Versions/A/CoreServicesStore
0x00007fff42033000 	/System/Library/Frameworks/ServiceManagement.framework/Versions/A/ServiceManagement
0x00007fff4a095000 	/System/Library/PrivateFrameworks/BackgroundTaskManagement.framework/Versions/A/BackgroundTaskManagement
0x00007fff6c02c000 	/usr/lib/libxslt.1.dylib
0x00007fff48f43000 	/System/Library/PrivateFrameworks/AppleSystemInfo.framework/Versions/A/AppleSystemInfo
0x00007fff3871e000 	/System/Library/Frameworks/ImageIO.framework/Versions/A/Resources/libJPEG.dylib
0x00007fff389dd000 	/System/Library/Frameworks/ImageIO.framework/Versions/A/Resources/libTIFF.dylib
0x00007fff389c0000 	/System/Library/Frameworks/ImageIO.framework/Versions/A/Resources/libPng.dylib
0x00007fff3865f000 	/System/Library/Frameworks/ImageIO.framework/Versions/A/Resources/libGIF.dylib
0x00007fff38663000 	/System/Library/Frameworks/ImageIO.framework/Versions/A/Resources/libJP2.dylib
0x00007fff389db000 	/System/Library/Frameworks/ImageIO.framework/Versions/A/Resources/libRadiance.dylib
0x00007fff6a8af000 	/usr/lib/libexpat.1.dylib
0x00007fff48a39000 	/System/Library/PrivateFrameworks/AppleJPEG.framework/Versions/A/AppleJPEG
0x00007fff513cc000 	/System/Library/PrivateFrameworks/FontServices.framework/libFontParser.dylib
0x00007fff68281000 	/System/Library/PrivateFrameworks/WatchdogClient.framework/Versions/A/WatchdogClient
0x00007fff59927000 	/System/Library/PrivateFrameworks/IOAccelerator.framework/Versions/A/IOAccelerator
0x00007fff3ad9c000 	/System/Library/Frameworks/MetalPerformanceShaders.framework/Versions/A/MetalPerformanceShaders
0x00007fff5611a000 	/System/Library/PrivateFrameworks/GPUWrangler.framework/Versions/A/GPUWrangler
0x00007fff59932000 	/System/Library/PrivateFrameworks/IOPresentment.framework/Versions/A/IOPresentment
0x00007fff4ee3a000 	/System/Library/PrivateFrameworks/DSExternalDisplay.framework/Versions/A/DSExternalDisplay
0x00007fff3f23b000 	/System/Library/Frameworks/OpenGL.framework/Versions/A/Libraries/libCoreFSCache.dylib
0x00007fff3aaee000 	/System/Library/Frameworks/MetalPerformanceShaders.framework/Frameworks/MPSCore.framework/Versions/A/MPSCore
0x00007fff3ab2b000 	/System/Library/Frameworks/MetalPerformanceShaders.framework/Frameworks/MPSImage.framework/Versions/A/MPSImage
0x00007fff3abed000 	/System/Library/Frameworks/MetalPerformanceShaders.framework/Frameworks/MPSNeuralNetwork.framework/Versions/A/MPSNeuralNetwork
0x00007fff3abb2000 	/System/Library/Frameworks/MetalPerformanceShaders.framework/Frameworks/MPSMatrix.framework/Versions/A/MPSMatrix
0x00007fff3ad4d000 	/System/Library/Frameworks/MetalPerformanceShaders.framework/Frameworks/MPSRayIntersector.framework/Versions/A/MPSRayIntersector
0x00007fff3abd7000 	/System/Library/Frameworks/MetalPerformanceShaders.framework/Frameworks/MPSNDArray.framework/Versions/A/MPSNDArray
0x00007fff5b764000 	/System/Library/PrivateFrameworks/MetalTools.framework/Versions/A/MetalTools
0x00007fff47d64000 	/System/Library/PrivateFrameworks/AggregateDictionary.framework/Versions/A/AggregateDictionary
0x00007fff4c8ef000 	/System/Library/PrivateFrameworks/CoreAnalytics.framework/Versions/A/CoreAnalytics
0x00007fff48e61000 	/System/Library/PrivateFrameworks/AppleSauce.framework/Versions/A/AppleSauce
0x00007fff69881000 	/usr/lib/libIOReport.dylib
0x00007fff375ec000 	/System/Library/Frameworks/CoreVideo.framework/Versions/A/CoreVideo
0x00007fff57588000 	/System/Library/PrivateFrameworks/GraphVisualizer.framework/Versions/A/GraphVisualizer
0x00007fff5094d000 	/System/Library/PrivateFrameworks/FaceCore.framework/Versions/A/FaceCore
0x00007fff3e85c000 	/System/Library/Frameworks/OpenCL.framework/Versions/A/OpenCL
0x00007fff696a3000 	/usr/lib/libFosl_dynamic.dylib
0x00007fff5cc12000 	/System/Library/PrivateFrameworks/OTSVG.framework/Versions/A/OTSVG
0x00007fff336e9000 	/System/Library/Frameworks/ApplicationServices.framework/Versions/A/Frameworks/ATS.framework/Versions/A/Resources/libFontRegistry.dylib
0x00007fff5159d000 	/System/Library/PrivateFrameworks/FontServices.framework/libhvf.dylib
0x00007fff3f246000 	/System/Library/Frameworks/OpenGL.framework/Versions/A/Libraries/libGFXShared.dylib
0x00007fff3f423000 	/System/Library/Frameworks/OpenGL.framework/Versions/A/Libraries/libGLU.dylib
0x00007fff3f24f000 	/System/Library/Frameworks/OpenGL.framework/Versions/A/Libraries/libGL.dylib
0x00007fff3f25a000 	/System/Library/Frameworks/OpenGL.framework/Versions/A/Libraries/libGLImage.dylib
0x00007fff3f238000 	/System/Library/Frameworks/OpenGL.framework/Versions/A/Libraries/libCVMSPluginSupport.dylib
0x00007fff3f241000 	/System/Library/Frameworks/OpenGL.framework/Versions/A/Libraries/libCoreVMClient.dylib
0x00007fff6b306000 	/usr/lib/libncurses.5.4.dylib
0x00007fff335e5000 	/System/Library/Frameworks/ApplicationServices.framework/Versions/A/Frameworks/ATS.framework/Versions/A/ATS
0x00007fff337b2000 	/System/Library/Frameworks/ApplicationServices.framework/Versions/A/Frameworks/ColorSyncLegacy.framework/Versions/A/ColorSyncLegacy
0x00007fff33851000 	/System/Library/Frameworks/ApplicationServices.framework/Versions/A/Frameworks/HIServices.framework/Versions/A/HIServices
0x00007fff338a8000 	/System/Library/Frameworks/ApplicationServices.framework/Versions/A/Frameworks/LangAnalysis.framework/Versions/A/LangAnalysis
0x00007fff338b7000 	/System/Library/Frameworks/ApplicationServices.framework/Versions/A/Frameworks/PrintCore.framework/Versions/A/PrintCore
0x00007fff338fd000 	/System/Library/Frameworks/ApplicationServices.framework/Versions/A/Frameworks/QD.framework/Versions/A/QD
0x00007fff33908000 	/System/Library/Frameworks/ApplicationServices.framework/Versions/A/Frameworks/SpeechSynthesis.framework/Versions/A/SpeechSynthesis
0x00007fff33782000 	/System/Library/Frameworks/ApplicationServices.framework/Versions/A/Frameworks/ATSUI.framework/Versions/A/ATSUI
0x00007fff6a743000 	/usr/lib/libcups.2.dylib
0x00007fff39e4b000 	/System/Library/Frameworks/Kerberos.framework/Versions/A/Kerberos
0x00007fff380cb000 	/System/Library/Frameworks/GSS.framework/Versions/A/GSS
0x00007fff6ba7c000 	/usr/lib/libresolv.9.dylib
0x00007fff57729000 	/System/Library/PrivateFrameworks/Heimdal.framework/Versions/A/Heimdal
0x00007fff39e5e000 	/System/Library/Frameworks/Kerberos.framework/Versions/A/Libraries/libHeimdalProxy.dylib
0x00007fff6a8ed000 	/usr/lib/libheimdal-asn1.dylib
0x00007fff4bd95000 	/System/Library/PrivateFrameworks/CommonAuth.framework/Versions/A/CommonAuth
0x00007fff48fe0000 	/System/Library/PrivateFrameworks/AssertionServices.framework/Versions/A/AssertionServices
0x00007fff49b83000 	/System/Library/PrivateFrameworks/AudioToolboxCore.framework/Versions/A/AudioToolboxCore
0x00007fff68edb000 	/System/Library/PrivateFrameworks/caulk.framework/Versions/A/caulk
0x00007fff4a141000 	/System/Library/PrivateFrameworks/BaseBoard.framework/Versions/A/BaseBoard
0x00007fff60d37000 	/System/Library/PrivateFrameworks/RunningBoardServices.framework/Versions/A/RunningBoardServices
0x00007fff5de00000 	/System/Library/PrivateFrameworks/PersistentConnection.framework/Versions/A/PersistentConnection
0x00007fff60786000 	/System/Library/PrivateFrameworks/ProtocolBuffer.framework/Versions/A/ProtocolBuffer
0x00007fff4bdba000 	/System/Library/PrivateFrameworks/CommonUtilities.framework/Versions/A/CommonUtilities
0x00007fff4a2c4000 	/System/Library/PrivateFrameworks/Bom.framework/Versions/A/Bom
0x00007fff69550000 	/usr/lib/libAudioToolboxUtility.dylib
0x00007fff4a09f000 	/System/Library/PrivateFrameworks/Backup.framework/Versions/A/Backup
0x00007fff4ebaa000 	/System/Library/PrivateFrameworks/CrashReporterSupport.framework/Versions/A/CrashReporterSupport
0x00007fff62833000 	/System/Library/PrivateFrameworks/Sharing.framework/Versions/A/Sharing
0x00007fff48784000 	/System/Library/PrivateFrameworks/Apple80211.framework/Versions/A/Apple80211
0x00007fff49dc1000 	/System/Library/PrivateFrameworks/AuthKit.framework/Versions/A/AuthKit
0x00007fff4e8da000 	/System/Library/PrivateFrameworks/CoreUtils.framework/Versions/A/CoreUtils
0x00007fff37631000 	/System/Library/Frameworks/CoreWLAN.framework/Versions/A/CoreWLAN
0x00007fff38257000 	/System/Library/Frameworks/IOBluetooth.framework/Versions/A/IOBluetooth
0x00007fff5ba62000 	/System/Library/PrivateFrameworks/MobileKeyBag.framework/Versions/A/MobileKeyBag
0x00007fff4d9a5000 	/System/Library/PrivateFrameworks/CorePhoneNumbers.framework/Versions/A/CorePhoneNumbers
0x00007fff489ec000 	/System/Library/PrivateFrameworks/AppleIDAuthSupport.framework/Versions/A/AppleIDAuthSupport
0x00007fff3bcf0000 	/System/Library/Frameworks/Network.framework/Versions/A/Network
0x00007fff5a122000 	/System/Library/PrivateFrameworks/KeychainCircle.framework/Versions/A/KeychainCircle
0x00007fff350a5000 	/System/Library/Frameworks/CoreBluetooth.framework/Versions/A/CoreBluetooth
0x00007fff644af000 	/System/Library/PrivateFrameworks/SpeechRecognitionCore.framework/Versions/A/SpeechRecognitionCore
0x000000010c365000 	/Library/Java/JavaVirtualMachines/jdk-11.0.6.jdk/Contents/Home/lib/server/libjvm.dylib
0x000000010d0ab000 	/Library/Java/JavaVirtualMachines/jdk-11.0.6.jdk/Contents/Home/lib/libverify.dylib
0x000000010d0b7000 	/Library/Java/JavaVirtualMachines/jdk-11.0.6.jdk/Contents/Home/lib/libjava.dylib
0x000000010d146000 	/Library/Java/JavaVirtualMachines/jdk-11.0.6.jdk/Contents/Home/lib/libzip.dylib
0x000000010d14d000 	/Library/Java/JavaVirtualMachines/jdk-11.0.6.jdk/Contents/Home/lib/libjimage.dylib
0x000000011391e000 	/Library/Java/JavaVirtualMachines/jdk-11.0.6.jdk/Contents/Home/lib/libnio.dylib
0x000000011392c000 	/Library/Java/JavaVirtualMachines/jdk-11.0.6.jdk/Contents/Home/lib/libnet.dylib


VM Arguments:
jvm_args: -Dfile.encoding=UTF-8 
java_command: org.apache.catalina.startup.Tomcat$1
java_class_path (initial): /Users/longnguyen/Desktop/Spring_BOOT/Spring_Boot/target/classes:/Users/longnguyen/Desktop/Spring_BOOT/M2/org/springframework/boot/spring-boot-starter-web/1.5.9.RELEASE/spring-boot-starter-web-1.5.9.RELEASE.jar:/Users/longnguyen/Desktop/Spring_BOOT/M2/org/springframework/boot/spring-boot-starter/1.5.9.RELEASE/spring-boot-starter-1.5.9.RELEASE.jar:/Users/longnguyen/Desktop/Spring_BOOT/M2/org/springframework/boot/spring-boot/1.5.9.RELEASE/spring-boot-1.5.9.RELEASE.jar:/Users/longnguyen/Desktop/Spring_BOOT/M2/org/springframework/boot/spring-boot-autoconfigure/1.5.9.RELEASE/spring-boot-autoconfigure-1.5.9.RELEASE.jar:/Users/longnguyen/Desktop/Spring_BOOT/M2/org/springframework/boot/spring-boot-starter-logging/1.5.9.RELEASE/spring-boot-starter-logging-1.5.9.RELEASE.jar:/Users/longnguyen/Desktop/Spring_BOOT/M2/ch/qos/logback/logback-classic/1.1.11/logback-classic-1.1.11.jar:/Users/longnguyen/Desktop/Spring_BOOT/M2/ch/qos/logback/logback-core/1.1.11/logback-core-1.1.11.jar:/Users/longnguyen/Desktop/Spring_BOOT/M2/org/slf4j/slf4j-api/1.7.25/slf4j-api-1.7.25.jar:/Users/longnguyen/Desktop/Spring_BOOT/M2/org/slf4j/jcl-over-slf4j/1.7.25/jcl-over-slf4j-1.7.25.jar:/Users/longnguyen/Desktop/Spring_BOOT/M2/org/slf4j/jul-to-slf4j/1.7.25/jul-to-slf4j-1.7.25.jar:/Users/longnguyen/Desktop/Spring_BOOT/M2/org/slf4j/log4j-over-slf4j/1.7.25/log4j-over-slf4j-1.7.25.jar:/Users/longnguyen/Desktop/Spring_BOOT/M2/org/springframework/spring-core/4.3.13.RELEASE/spring-core-4.3.13.RELEASE.jar:/Users/longnguyen/Desktop/Spring_BOOT/M2/org/yaml/snakeyaml/1.17/snakeyaml-1.17.jar:/Users/longnguyen/Desktop/Spring_BOOT/M2/org/springframework/boot/spring-boot-starter-tomcat/1.5.9.RELEASE/spring-boot-starter-tomcat-1.5.9.RELEASE.jar:/Users/longnguyen/Desktop/Spring_BOOT/M2/org/apache/tomcat/embed/tomcat-embed-core/8.5.23/tomcat-embed-core-8.5.23.jar:/Users/longnguyen/Desktop/Spring_BOOT/M2/org/apache/tomcat/tomcat-annotations-api/8.5.23/tomcat-annotations-api-8.5.23.jar:/Users/
Launcher Type: SUN_STANDARD

[Global flags]
     intx CICompilerCount                          = 3                                         {product} {ergonomic}
     uint ConcGCThreads                            = 1                                         {product} {ergonomic}
     uint G1ConcRefinementThreads                  = 4                                         {product} {ergonomic}
   size_t G1HeapRegionSize                         = 1048576                                   {product} {ergonomic}
    uintx GCDrainStackTargetSize                   = 64                                        {product} {ergonomic}
   size_t InitialHeapSize                          = 134217728                                 {product} {ergonomic}
   size_t MarkStackSize                            = 4194304                                   {product} {ergonomic}
   size_t MaxHeapSize                              = 2147483648                                {product} {ergonomic}
   size_t MaxNewSize                               = 1287651328                                {product} {ergonomic}
   size_t MinHeapDeltaBytes                        = 1048576                                   {product} {ergonomic}
    uintx NonNMethodCodeHeapSize                   = 5830732                                {pd product} {ergonomic}
    uintx NonProfiledCodeHeapSize                  = 122913754                              {pd product} {ergonomic}
    uintx ProfiledCodeHeapSize                     = 122913754                              {pd product} {ergonomic}
    uintx ReservedCodeCacheSize                    = 251658240                              {pd product} {ergonomic}
     bool SegmentedCodeCache                       = true                                      {product} {ergonomic}
     bool UseCompressedClassPointers               = true                                 {lp64_product} {ergonomic}
     bool UseCompressedOops                        = true                                 {lp64_product} {ergonomic}
     bool UseG1GC                                  = true                                      {product} {ergonomic}

Logging:
Log output configuration:
 #0: stdout all=warning uptime,level,tags
 #1: stderr all=off uptime,level,tags

Environment Variables:
PATH=/usr/bin:/bin:/usr/sbin:/sbin
SHELL=/bin/bash

Signal Handlers:
SIGSEGV: [libjvm.dylib+0x73ea04], sa_mask[0]=11111111011111110111111111111111, sa_flags=SA_ONSTACK|SA_RESTART|SA_SIGINFO
SIGBUS: [libjvm.dylib+0x73ea04], sa_mask[0]=11111111011111110111111111111111, sa_flags=SA_RESTART|SA_SIGINFO
SIGFPE: [libjvm.dylib+0x73ea04], sa_mask[0]=11111111011111110111111111111111, sa_flags=SA_RESTART|SA_SIGINFO
SIGPIPE: [libjvm.dylib+0x5f1e1f], sa_mask[0]=11111111011111110111111111111111, sa_flags=SA_RESTART|SA_SIGINFO
SIGXFSZ: [libjvm.dylib+0x5f1e1f], sa_mask[0]=11111111011111110111111111111111, sa_flags=SA_RESTART|SA_SIGINFO
SIGILL: [libjvm.dylib+0x73ea04], sa_mask[0]=11111111011111110111111111111111, sa_flags=SA_RESTART|SA_SIGINFO
SIGUSR2: [libjvm.dylib+0x5f2409], sa_mask[0]=00100000000000000000000000000000, sa_flags=SA_RESTART|SA_SIGINFO
SIGHUP: [libjvm.dylib+0x5f0e67], sa_mask[0]=11111111011111110111111111111111, sa_flags=SA_RESTART|SA_SIGINFO
SIGINT: [libjvm.dylib+0x5f0e67], sa_mask[0]=11111111011111110111111111111111, sa_flags=SA_RESTART|SA_SIGINFO
SIGTERM: [libjvm.dylib+0x5f0e67], sa_mask[0]=11111111011111110111111111111111, sa_flags=SA_RESTART|SA_SIGINFO
SIGQUIT: [libjvm.dylib+0x5f0e67], sa_mask[0]=11111111011111110111111111111111, sa_flags=SA_RESTART|SA_SIGINFO


---------------  S Y S T E M  ---------------

OS:uname:Darwin 19.3.0 Darwin Kernel Version 19.3.0: Thu Jan  9 20:58:23 PST 2020; root:xnu-6153.81.5~1/RELEASE_X86_64 x86_64
rlimit: STACK 8192k, CORE 0k, NPROC 1392, NOFILE 10240, AS infinity, DATA infinity, FSIZE infinity
load average:1.85 1.98 2.11

CPU:total 4 (initial active 4) (2 cores per cpu, 2 threads per core) family 6 model 142 stepping 9, cmov, cx8, fxsr, mmx, sse, sse2, sse3, ssse3, sse4.1, sse4.2, popcnt, avx, avx2, aes, clmul, erms, rtm, 3dnowpref, lzcnt, ht, tsc, tscinvbit, bmi1, bmi2, adx, fma

Memory: 4k page, physical 8388608k(242328k free)

vm_info: Java HotSpot(TM) 64-Bit Server VM (11.0.6+8-LTS) for bsd-amd64 JRE (11.0.6+8-LTS), built on Dec 11 2019 09:19:47 by "mach5one" with gcc 4.2.1 Compatible Apple LLVM 10.0.0 (clang-1000.11.45.5)

END.
